<?xml version="1.0" encoding="UTF-8"?>
<testsuite name="MainTest" tests="1" skipped="0" failures="0" errors="0" timestamp="2022-12-05T14:41:33" hostname="DESKTOP-3T4QTP9" time="0.03">
  <properties/>
  <testcase name="testAppHasAGreeting()" classname="MainTest" time="0.03"/>
  <system-out><![CDATA[]]></system-out>
  <system-err><![CDATA[]]></system-err>
</testsuite>
